Analysis & Synthesis report for system
Fri Nov 13 01:18:49 2020
Quartus Prime Version 18.0.0 Build 614 04/24/2018 SJ Lite Edition


---------------------
; Table of Contents ;
---------------------
  1. Legal Notice
  2. Analysis & Synthesis Summary
  3. Analysis & Synthesis Settings
  4. Parallel Compilation
  5. Analysis & Synthesis Source Files Read
  6. Analysis & Synthesis Resource Usage Summary
  7. Analysis & Synthesis Resource Utilization by Entity
  8. Analysis & Synthesis RAM Summary
  9. State Machine - |system|controller:SHA1_controller|state
 10. Registers Removed During Synthesis
 11. General Register Statistics
 12. Inverted Register Statistics
 13. Registers Packed Into Inferred Megafunctions
 14. Multiplexer Restructuring Statistics (Restructuring Performed)
 15. Source assignments for ram:sha_data|altsyncram:M_rtl_0|altsyncram_0sk1:auto_generated
 16. Parameter Settings for User Entity Instance: datapath:SHA1_datapath
 17. Parameter Settings for User Entity Instance: controller:SHA1_controller
 18. Parameter Settings for Inferred Entity Instance: ram:sha_data|altsyncram:M_rtl_0
 19. altsyncram Parameter Settings by Entity Instance
 20. Port Connectivity Checks: "controller:SHA1_controller"
 21. Post-Synthesis Netlist Statistics for Top Partition
 22. Elapsed Time Per Partition
 23. Analysis & Synthesis Messages



----------------
; Legal Notice ;
----------------
Copyright (C) 2018  Intel Corporation. All rights reserved.
Your use of Intel Corporation's design tools, logic functions 
and other software and tools, and its AMPP partner logic 
functions, and any output files from any of the foregoing 
(including device programming or simulation files), and any 
associated documentation or information are expressly subject 
to the terms and conditions of the Intel Program License 
Subscription Agreement, the Intel Quartus Prime License Agreement,
the Intel FPGA IP License Agreement, or other applicable license
agreement, including, without limitation, that your use is for
the sole purpose of programming logic devices manufactured by
Intel and sold by Intel or its authorized distributors.  Please
refer to the applicable agreement for further details.



+----------------------------------------------------------------------------------+
; Analysis & Synthesis Summary                                                     ;
+------------------------------------+---------------------------------------------+
; Analysis & Synthesis Status        ; Successful - Fri Nov 13 01:18:49 2020       ;
; Quartus Prime Version              ; 18.0.0 Build 614 04/24/2018 SJ Lite Edition ;
; Revision Name                      ; system                                      ;
; Top-level Entity Name              ; system                                      ;
; Family                             ; Cyclone IV E                                ;
; Total logic elements               ; 1,179                                       ;
;     Total combinational functions  ; 1,023                                       ;
;     Dedicated logic registers      ; 775                                         ;
; Total registers                    ; 775                                         ;
; Total pins                         ; 162                                         ;
; Total virtual pins                 ; 0                                           ;
; Total memory bits                  ; 2,560                                       ;
; Embedded Multiplier 9-bit elements ; 0                                           ;
; Total PLLs                         ; 0                                           ;
+------------------------------------+---------------------------------------------+


+------------------------------------------------------------------------------------------------------------+
; Analysis & Synthesis Settings                                                                              ;
+------------------------------------------------------------------+--------------------+--------------------+
; Option                                                           ; Setting            ; Default Value      ;
+------------------------------------------------------------------+--------------------+--------------------+
; Device                                                           ; EP4CE115F29C7      ;                    ;
; Top-level entity name                                            ; system             ; system             ;
; Family name                                                      ; Cyclone IV E       ; Cyclone V          ;
; Use smart compilation                                            ; Off                ; Off                ;
; Enable parallel Assembler and Timing Analyzer during compilation ; On                 ; On                 ;
; Enable compact report table                                      ; Off                ; Off                ;
; Restructure Multiplexers                                         ; Auto               ; Auto               ;
; Create Debugging Nodes for IP Cores                              ; Off                ; Off                ;
; Preserve fewer node names                                        ; On                 ; On                 ;
; Intel FPGA IP Evaluation Mode                                    ; Enable             ; Enable             ;
; Verilog Version                                                  ; Verilog_2001       ; Verilog_2001       ;
; VHDL Version                                                     ; VHDL_1993          ; VHDL_1993          ;
; State Machine Processing                                         ; Auto               ; Auto               ;
; Safe State Machine                                               ; Off                ; Off                ;
; Extract Verilog State Machines                                   ; On                 ; On                 ;
; Extract VHDL State Machines                                      ; On                 ; On                 ;
; Ignore Verilog initial constructs                                ; Off                ; Off                ;
; Iteration limit for constant Verilog loops                       ; 5000               ; 5000               ;
; Iteration limit for non-constant Verilog loops                   ; 250                ; 250                ;
; Add Pass-Through Logic to Inferred RAMs                          ; On                 ; On                 ;
; Infer RAMs from Raw Logic                                        ; On                 ; On                 ;
; Parallel Synthesis                                               ; On                 ; On                 ;
; DSP Block Balancing                                              ; Auto               ; Auto               ;
; NOT Gate Push-Back                                               ; On                 ; On                 ;
; Power-Up Don't Care                                              ; On                 ; On                 ;
; Remove Redundant Logic Cells                                     ; Off                ; Off                ;
; Remove Duplicate Registers                                       ; On                 ; On                 ;
; Ignore CARRY Buffers                                             ; Off                ; Off                ;
; Ignore CASCADE Buffers                                           ; Off                ; Off                ;
; Ignore GLOBAL Buffers                                            ; Off                ; Off                ;
; Ignore ROW GLOBAL Buffers                                        ; Off                ; Off                ;
; Ignore LCELL Buffers                                             ; Off                ; Off                ;
; Ignore SOFT Buffers                                              ; On                 ; On                 ;
; Limit AHDL Integers to 32 Bits                                   ; Off                ; Off                ;
; Optimization Technique                                           ; Balanced           ; Balanced           ;
; Carry Chain Length                                               ; 70                 ; 70                 ;
; Auto Carry Chains                                                ; On                 ; On                 ;
; Auto Open-Drain Pins                                             ; On                 ; On                 ;
; Perform WYSIWYG Primitive Resynthesis                            ; Off                ; Off                ;
; Auto ROM Replacement                                             ; On                 ; On                 ;
; Auto RAM Replacement                                             ; On                 ; On                 ;
; Auto DSP Block Replacement                                       ; On                 ; On                 ;
; Auto Shift Register Replacement                                  ; Auto               ; Auto               ;
; Allow Shift Register Merging across Hierarchies                  ; Auto               ; Auto               ;
; Auto Clock Enable Replacement                                    ; On                 ; On                 ;
; Strict RAM Replacement                                           ; Off                ; Off                ;
; Allow Synchronous Control Signals                                ; On                 ; On                 ;
; Force Use of Synchronous Clear Signals                           ; Off                ; Off                ;
; Auto RAM Block Balancing                                         ; On                 ; On                 ;
; Auto RAM to Logic Cell Conversion                                ; Off                ; Off                ;
; Auto Resource Sharing                                            ; Off                ; Off                ;
; Allow Any RAM Size For Recognition                               ; Off                ; Off                ;
; Allow Any ROM Size For Recognition                               ; Off                ; Off                ;
; Allow Any Shift Register Size For Recognition                    ; Off                ; Off                ;
; Use LogicLock Constraints during Resource Balancing              ; On                 ; On                 ;
; Ignore translate_off and synthesis_off directives                ; Off                ; Off                ;
; Timing-Driven Synthesis                                          ; On                 ; On                 ;
; Report Parameter Settings                                        ; On                 ; On                 ;
; Report Source Assignments                                        ; On                 ; On                 ;
; Report Connectivity Checks                                       ; On                 ; On                 ;
; Ignore Maximum Fan-Out Assignments                               ; Off                ; Off                ;
; Synchronization Register Chain Length                            ; 2                  ; 2                  ;
; Power Optimization During Synthesis                              ; Normal compilation ; Normal compilation ;
; HDL message level                                                ; Level2             ; Level2             ;
; Suppress Register Optimization Related Messages                  ; Off                ; Off                ;
; Number of Removed Registers Reported in Synthesis Report         ; 5000               ; 5000               ;
; Number of Swept Nodes Reported in Synthesis Report               ; 5000               ; 5000               ;
; Number of Inverted Registers Reported in Synthesis Report        ; 100                ; 100                ;
; Clock MUX Protection                                             ; On                 ; On                 ;
; Auto Gated Clock Conversion                                      ; Off                ; Off                ;
; Block Design Naming                                              ; Auto               ; Auto               ;
; SDC constraint protection                                        ; Off                ; Off                ;
; Synthesis Effort                                                 ; Auto               ; Auto               ;
; Shift Register Replacement - Allow Asynchronous Clear Signal     ; On                 ; On                 ;
; Pre-Mapping Resynthesis Optimization                             ; Off                ; Off                ;
; Analysis & Synthesis Message Level                               ; Medium             ; Medium             ;
; Disable Register Merging Across Hierarchies                      ; Auto               ; Auto               ;
; Resource Aware Inference For Block RAM                           ; On                 ; On                 ;
+------------------------------------------------------------------+--------------------+--------------------+


+------------------------------------------+
; Parallel Compilation                     ;
+----------------------------+-------------+
; Processors                 ; Number      ;
+----------------------------+-------------+
; Number detected on machine ; 4           ;
; Maximum allowed            ; 2           ;
;                            ;             ;
; Average used               ; 1.00        ;
; Maximum used               ; 2           ;
;                            ;             ;
; Usage by Processor         ; % Time Used ;
;     Processor 1            ; 100.0%      ;
;     Processor 2            ;   0.0%      ;
+----------------------------+-------------+


+-----------------------------------------------------------------------------------------------------------------------------------------------------------------------------------------------------+
; Analysis & Synthesis Source Files Read                                                                                                                                                              ;
+----------------------------------+-----------------+-------------------------------------------------------+------------------------------------------------------------------------------+---------+
; File Name with User-Entered Path ; Used in Netlist ; File Type                                             ; File Name with Absolute Path                                                 ; Library ;
+----------------------------------+-----------------+-------------------------------------------------------+------------------------------------------------------------------------------+---------+
; verilog/controller.v             ; yes             ; User Verilog HDL File                                 ; G:/My Drive/SHA-1 Final Project/clean_up/verilog/controller.v                ;         ;
; verilog/datapath.v               ; yes             ; User Verilog HDL File                                 ; G:/My Drive/SHA-1 Final Project/clean_up/verilog/datapath.v                  ;         ;
; verilog/ram.v                    ; yes             ; User Verilog HDL File                                 ; G:/My Drive/SHA-1 Final Project/clean_up/verilog/ram.v                       ;         ;
; verilog/system.v                 ; yes             ; User Verilog HDL File                                 ; G:/My Drive/SHA-1 Final Project/clean_up/verilog/system.v                    ;         ;
; verilog/sha_data.mem             ; yes             ; Auto-Found Unspecified File                           ; G:/My Drive/SHA-1 Final Project/clean_up/verilog/sha_data.mem                ;         ;
; altsyncram.tdf                   ; yes             ; Megafunction                                          ; c:/intelfpga_lite/18.0/quartus/libraries/megafunctions/altsyncram.tdf        ;         ;
; stratix_ram_block.inc            ; yes             ; Megafunction                                          ; c:/intelfpga_lite/18.0/quartus/libraries/megafunctions/stratix_ram_block.inc ;         ;
; lpm_mux.inc                      ; yes             ; Megafunction                                          ; c:/intelfpga_lite/18.0/quartus/libraries/megafunctions/lpm_mux.inc           ;         ;
; lpm_decode.inc                   ; yes             ; Megafunction                                          ; c:/intelfpga_lite/18.0/quartus/libraries/megafunctions/lpm_decode.inc        ;         ;
; aglobal180.inc                   ; yes             ; Megafunction                                          ; c:/intelfpga_lite/18.0/quartus/libraries/megafunctions/aglobal180.inc        ;         ;
; a_rdenreg.inc                    ; yes             ; Megafunction                                          ; c:/intelfpga_lite/18.0/quartus/libraries/megafunctions/a_rdenreg.inc         ;         ;
; altrom.inc                       ; yes             ; Megafunction                                          ; c:/intelfpga_lite/18.0/quartus/libraries/megafunctions/altrom.inc            ;         ;
; altram.inc                       ; yes             ; Megafunction                                          ; c:/intelfpga_lite/18.0/quartus/libraries/megafunctions/altram.inc            ;         ;
; altdpram.inc                     ; yes             ; Megafunction                                          ; c:/intelfpga_lite/18.0/quartus/libraries/megafunctions/altdpram.inc          ;         ;
; db/altsyncram_0sk1.tdf           ; yes             ; Auto-Generated Megafunction                           ; G:/My Drive/SHA-1 Final Project/clean_up/db/altsyncram_0sk1.tdf              ;         ;
; db/system.ram0_ram_1d0cf.hdl.mif ; yes             ; Auto-Generated Auto-Found Memory Initialization File  ; G:/My Drive/SHA-1 Final Project/clean_up/db/system.ram0_ram_1d0cf.hdl.mif    ;         ;
+----------------------------------+-----------------+-------------------------------------------------------+------------------------------------------------------------------------------+---------+


+---------------------------------------------------------+
; Analysis & Synthesis Resource Usage Summary             ;
+---------------------------------------------+-----------+
; Resource                                    ; Usage     ;
+---------------------------------------------+-----------+
; Estimated Total logic elements              ; 1,179     ;
;                                             ;           ;
; Total combinational functions               ; 1023      ;
; Logic element usage by number of LUT inputs ;           ;
;     -- 4 input functions                    ; 88        ;
;     -- 3 input functions                    ; 396       ;
;     -- <=2 input functions                  ; 539       ;
;                                             ;           ;
; Logic elements by mode                      ;           ;
;     -- normal mode                          ; 721       ;
;     -- arithmetic mode                      ; 302       ;
;                                             ;           ;
; Total registers                             ; 775       ;
;     -- Dedicated logic registers            ; 775       ;
;     -- I/O registers                        ; 0         ;
;                                             ;           ;
; I/O pins                                    ; 162       ;
; Total memory bits                           ; 2560      ;
;                                             ;           ;
; Embedded Multiplier 9-bit elements          ; 0         ;
;                                             ;           ;
; Maximum fan-out node                        ; clk~input ;
; Maximum fan-out                             ; 807       ;
; Total fan-out                               ; 5888      ;
; Average fan-out                             ; 2.73      ;
+---------------------------------------------+-----------+


+--------------------------------------------------------------------------------------------------------------------------------------------------------------------------------------------------------------------------------------------------------------------------------+
; Analysis & Synthesis Resource Utilization by Entity                                                                                                                                                                                                                            ;
+-------------------------------------------+---------------------+---------------------------+-------------+--------------+---------+-----------+------+--------------+------------------------------------------------------------------------+-----------------+--------------+
; Compilation Hierarchy Node                ; Combinational ALUTs ; Dedicated Logic Registers ; Memory Bits ; DSP Elements ; DSP 9x9 ; DSP 18x18 ; Pins ; Virtual Pins ; Full Hierarchy Name                                                    ; Entity Name     ; Library Name ;
+-------------------------------------------+---------------------+---------------------------+-------------+--------------+---------+-----------+------+--------------+------------------------------------------------------------------------+-----------------+--------------+
; |system                                   ; 1023 (0)            ; 775 (0)                   ; 2560        ; 0            ; 0       ; 0         ; 162  ; 0            ; |system                                                                ; system          ; work         ;
;    |controller:SHA1_controller|           ; 22 (22)             ; 27 (27)                   ; 0           ; 0            ; 0       ; 0         ; 0    ; 0            ; |system|controller:SHA1_controller                                     ; controller      ; work         ;
;    |datapath:SHA1_datapath|               ; 1001 (1001)         ; 748 (748)                 ; 0           ; 0            ; 0       ; 0         ; 0    ; 0            ; |system|datapath:SHA1_datapath                                         ; datapath        ; work         ;
;    |ram:sha_data|                         ; 0 (0)               ; 0 (0)                     ; 2560        ; 0            ; 0       ; 0         ; 0    ; 0            ; |system|ram:sha_data                                                   ; ram             ; work         ;
;       |altsyncram:M_rtl_0|                ; 0 (0)               ; 0 (0)                     ; 2560        ; 0            ; 0       ; 0         ; 0    ; 0            ; |system|ram:sha_data|altsyncram:M_rtl_0                                ; altsyncram      ; work         ;
;          |altsyncram_0sk1:auto_generated| ; 0 (0)               ; 0 (0)                     ; 2560        ; 0            ; 0       ; 0         ; 0    ; 0            ; |system|ram:sha_data|altsyncram:M_rtl_0|altsyncram_0sk1:auto_generated ; altsyncram_0sk1 ; work         ;
+-------------------------------------------+---------------------+---------------------------+-------------+--------------+---------+-----------+------+--------------+------------------------------------------------------------------------+-----------------+--------------+
Note: For table entries with two numbers listed, the numbers in parentheses indicate the number of resources of the given type used by the specific entity alone. The numbers listed outside of parentheses indicate the total resources of the given type used by the specific entity and all of its sub-entities in the hierarchy.


+-----------------------------------------------------------------------------------------------------------------------------------------------------------------------------------------------------------+
; Analysis & Synthesis RAM Summary                                                                                                                                                                          ;
+---------------------------------------------------------------------------+------+------------------+--------------+--------------+--------------+--------------+------+----------------------------------+
; Name                                                                      ; Type ; Mode             ; Port A Depth ; Port A Width ; Port B Depth ; Port B Width ; Size ; MIF                              ;
+---------------------------------------------------------------------------+------+------------------+--------------+--------------+--------------+--------------+------+----------------------------------+
; ram:sha_data|altsyncram:M_rtl_0|altsyncram_0sk1:auto_generated|ALTSYNCRAM ; AUTO ; Simple Dual Port ; 80           ; 32           ; 80           ; 32           ; 2560 ; db/system.ram0_ram_1d0cf.hdl.mif ;
+---------------------------------------------------------------------------+------+------------------+--------------+--------------+--------------+--------------+------+----------------------------------+


Encoding Type:  One-Hot
+-----------------------------------------------------------------------------------------------------------------------------------------------------------------------------------------------------------------------------------------------------------------------------------------------------------------------------------------------------------------------------------------------------------------------------------------------------------------------------------------------------------------------------------+
; State Machine - |system|controller:SHA1_controller|state                                                                                                                                                                                                                                                                                                                                                                                                                                                                          ;
+------------------------+------------+-------------------+---------------------+----------------------+-------------------+----------------+-------------+----------------+--------------+---------------------+--------------+-------------------+----------------------+------------------------+------------------+--------------+------------------+------------------+--------------+------------------+------------------+--------------+------------------+------------------+--------------+------------------+------------+
; Name                   ; state.DONE ; state.UPDATE_HASH ; state.FUNC_ITERATOR ; state.REASSIGN_FIRST ; state.UPDATE_TEMP ; state.PARITY_2 ; state.MAJOR ; state.PARITY_1 ; state.CHOOSE ; state.FUNC_SELECTOR ; state.WAIT_L ; state.READ_L_ADDR ; state.CHUNK_ITERATOR ; state.FILL_CHUNKS_MAIN ; state.FILL_REG_4 ; state.WAIT_4 ; state.READ_REG_4 ; state.FILL_REG_3 ; state.WAIT_3 ; state.READ_REG_3 ; state.FILL_REG_2 ; state.WAIT_2 ; state.READ_REG_2 ; state.FILL_REG_1 ; state.WAIT_1 ; state.READ_REG_1 ; state.INIT ;
+------------------------+------------+-------------------+---------------------+----------------------+-------------------+----------------+-------------+----------------+--------------+---------------------+--------------+-------------------+----------------------+------------------------+------------------+--------------+------------------+------------------+--------------+------------------+------------------+--------------+------------------+------------------+--------------+------------------+------------+
; state.INIT             ; 0          ; 0                 ; 0                   ; 0                    ; 0                 ; 0              ; 0           ; 0              ; 0            ; 0                   ; 0            ; 0                 ; 0                    ; 0                      ; 0                ; 0            ; 0                ; 0                ; 0            ; 0                ; 0                ; 0            ; 0                ; 0                ; 0            ; 0                ; 0          ;
; state.READ_REG_1       ; 0          ; 0                 ; 0                   ; 0                    ; 0                 ; 0              ; 0           ; 0              ; 0            ; 0                   ; 0            ; 0                 ; 0                    ; 0                      ; 0                ; 0            ; 0                ; 0                ; 0            ; 0                ; 0                ; 0            ; 0                ; 0                ; 0            ; 1                ; 1          ;
; state.WAIT_1           ; 0          ; 0                 ; 0                   ; 0                    ; 0                 ; 0              ; 0           ; 0              ; 0            ; 0                   ; 0            ; 0                 ; 0                    ; 0                      ; 0                ; 0            ; 0                ; 0                ; 0            ; 0                ; 0                ; 0            ; 0                ; 0                ; 1            ; 0                ; 1          ;
; state.FILL_REG_1       ; 0          ; 0                 ; 0                   ; 0                    ; 0                 ; 0              ; 0           ; 0              ; 0            ; 0                   ; 0            ; 0                 ; 0                    ; 0                      ; 0                ; 0            ; 0                ; 0                ; 0            ; 0                ; 0                ; 0            ; 0                ; 1                ; 0            ; 0                ; 1          ;
; state.READ_REG_2       ; 0          ; 0                 ; 0                   ; 0                    ; 0                 ; 0              ; 0           ; 0              ; 0            ; 0                   ; 0            ; 0                 ; 0                    ; 0                      ; 0                ; 0            ; 0                ; 0                ; 0            ; 0                ; 0                ; 0            ; 1                ; 0                ; 0            ; 0                ; 1          ;
; state.WAIT_2           ; 0          ; 0                 ; 0                   ; 0                    ; 0                 ; 0              ; 0           ; 0              ; 0            ; 0                   ; 0            ; 0                 ; 0                    ; 0                      ; 0                ; 0            ; 0                ; 0                ; 0            ; 0                ; 0                ; 1            ; 0                ; 0                ; 0            ; 0                ; 1          ;
; state.FILL_REG_2       ; 0          ; 0                 ; 0                   ; 0                    ; 0                 ; 0              ; 0           ; 0              ; 0            ; 0                   ; 0            ; 0                 ; 0                    ; 0                      ; 0                ; 0            ; 0                ; 0                ; 0            ; 0                ; 1                ; 0            ; 0                ; 0                ; 0            ; 0                ; 1          ;
; state.READ_REG_3       ; 0          ; 0                 ; 0                   ; 0                    ; 0                 ; 0              ; 0           ; 0              ; 0            ; 0                   ; 0            ; 0                 ; 0                    ; 0                      ; 0                ; 0            ; 0                ; 0                ; 0            ; 1                ; 0                ; 0            ; 0                ; 0                ; 0            ; 0                ; 1          ;
; state.WAIT_3           ; 0          ; 0                 ; 0                   ; 0                    ; 0                 ; 0              ; 0           ; 0              ; 0            ; 0                   ; 0            ; 0                 ; 0                    ; 0                      ; 0                ; 0            ; 0                ; 0                ; 1            ; 0                ; 0                ; 0            ; 0                ; 0                ; 0            ; 0                ; 1          ;
; state.FILL_REG_3       ; 0          ; 0                 ; 0                   ; 0                    ; 0                 ; 0              ; 0           ; 0              ; 0            ; 0                   ; 0            ; 0                 ; 0                    ; 0                      ; 0                ; 0            ; 0                ; 1                ; 0            ; 0                ; 0                ; 0            ; 0                ; 0                ; 0            ; 0                ; 1          ;
; state.READ_REG_4       ; 0          ; 0                 ; 0                   ; 0                    ; 0                 ; 0              ; 0           ; 0              ; 0            ; 0                   ; 0            ; 0                 ; 0                    ; 0                      ; 0                ; 0            ; 1                ; 0                ; 0            ; 0                ; 0                ; 0            ; 0                ; 0                ; 0            ; 0                ; 1          ;
; state.WAIT_4           ; 0          ; 0                 ; 0                   ; 0                    ; 0                 ; 0              ; 0           ; 0              ; 0            ; 0                   ; 0            ; 0                 ; 0                    ; 0                      ; 0                ; 1            ; 0                ; 0                ; 0            ; 0                ; 0                ; 0            ; 0                ; 0                ; 0            ; 0                ; 1          ;
; state.FILL_REG_4       ; 0          ; 0                 ; 0                   ; 0                    ; 0                 ; 0              ; 0           ; 0              ; 0            ; 0                   ; 0            ; 0                 ; 0                    ; 0                      ; 1                ; 0            ; 0                ; 0                ; 0            ; 0                ; 0                ; 0            ; 0                ; 0                ; 0            ; 0                ; 1          ;
; state.FILL_CHUNKS_MAIN ; 0          ; 0                 ; 0                   ; 0                    ; 0                 ; 0              ; 0           ; 0              ; 0            ; 0                   ; 0            ; 0                 ; 0                    ; 1                      ; 0                ; 0            ; 0                ; 0                ; 0            ; 0                ; 0                ; 0            ; 0                ; 0                ; 0            ; 0                ; 1          ;
; state.CHUNK_ITERATOR   ; 0          ; 0                 ; 0                   ; 0                    ; 0                 ; 0              ; 0           ; 0              ; 0            ; 0                   ; 0            ; 0                 ; 1                    ; 0                      ; 0                ; 0            ; 0                ; 0                ; 0            ; 0                ; 0                ; 0            ; 0                ; 0                ; 0            ; 0                ; 1          ;
; state.READ_L_ADDR      ; 0          ; 0                 ; 0                   ; 0                    ; 0                 ; 0              ; 0           ; 0              ; 0            ; 0                   ; 0            ; 1                 ; 0                    ; 0                      ; 0                ; 0            ; 0                ; 0                ; 0            ; 0                ; 0                ; 0            ; 0                ; 0                ; 0            ; 0                ; 1          ;
; state.WAIT_L           ; 0          ; 0                 ; 0                   ; 0                    ; 0                 ; 0              ; 0           ; 0              ; 0            ; 0                   ; 1            ; 0                 ; 0                    ; 0                      ; 0                ; 0            ; 0                ; 0                ; 0            ; 0                ; 0                ; 0            ; 0                ; 0                ; 0            ; 0                ; 1          ;
; state.FUNC_SELECTOR    ; 0          ; 0                 ; 0                   ; 0                    ; 0                 ; 0              ; 0           ; 0              ; 0            ; 1                   ; 0            ; 0                 ; 0                    ; 0                      ; 0                ; 0            ; 0                ; 0                ; 0            ; 0                ; 0                ; 0            ; 0                ; 0                ; 0            ; 0                ; 1          ;
; state.CHOOSE           ; 0          ; 0                 ; 0                   ; 0                    ; 0                 ; 0              ; 0           ; 0              ; 1            ; 0                   ; 0            ; 0                 ; 0                    ; 0                      ; 0                ; 0            ; 0                ; 0                ; 0            ; 0                ; 0                ; 0            ; 0                ; 0                ; 0            ; 0                ; 1          ;
; state.PARITY_1         ; 0          ; 0                 ; 0                   ; 0                    ; 0                 ; 0              ; 0           ; 1              ; 0            ; 0                   ; 0            ; 0                 ; 0                    ; 0                      ; 0                ; 0            ; 0                ; 0                ; 0            ; 0                ; 0                ; 0            ; 0                ; 0                ; 0            ; 0                ; 1          ;
; state.MAJOR            ; 0          ; 0                 ; 0                   ; 0                    ; 0                 ; 0              ; 1           ; 0              ; 0            ; 0                   ; 0            ; 0                 ; 0                    ; 0                      ; 0                ; 0            ; 0                ; 0                ; 0            ; 0                ; 0                ; 0            ; 0                ; 0                ; 0            ; 0                ; 1          ;
; state.PARITY_2         ; 0          ; 0                 ; 0                   ; 0                    ; 0                 ; 1              ; 0           ; 0              ; 0            ; 0                   ; 0            ; 0                 ; 0                    ; 0                      ; 0                ; 0            ; 0                ; 0                ; 0            ; 0                ; 0                ; 0            ; 0                ; 0                ; 0            ; 0                ; 1          ;
; state.UPDATE_TEMP      ; 0          ; 0                 ; 0                   ; 0                    ; 1                 ; 0              ; 0           ; 0              ; 0            ; 0                   ; 0            ; 0                 ; 0                    ; 0                      ; 0                ; 0            ; 0                ; 0                ; 0            ; 0                ; 0                ; 0            ; 0                ; 0                ; 0            ; 0                ; 1          ;
; state.REASSIGN_FIRST   ; 0          ; 0                 ; 0                   ; 1                    ; 0                 ; 0              ; 0           ; 0              ; 0            ; 0                   ; 0            ; 0                 ; 0                    ; 0                      ; 0                ; 0            ; 0                ; 0                ; 0            ; 0                ; 0                ; 0            ; 0                ; 0                ; 0            ; 0                ; 1          ;
; state.FUNC_ITERATOR    ; 0          ; 0                 ; 1                   ; 0                    ; 0                 ; 0              ; 0           ; 0              ; 0            ; 0                   ; 0            ; 0                 ; 0                    ; 0                      ; 0                ; 0            ; 0                ; 0                ; 0            ; 0                ; 0                ; 0            ; 0                ; 0                ; 0            ; 0                ; 1          ;
; state.UPDATE_HASH      ; 0          ; 1                 ; 0                   ; 0                    ; 0                 ; 0              ; 0           ; 0              ; 0            ; 0                   ; 0            ; 0                 ; 0                    ; 0                      ; 0                ; 0            ; 0                ; 0                ; 0            ; 0                ; 0                ; 0            ; 0                ; 0                ; 0            ; 0                ; 1          ;
; state.DONE             ; 1          ; 0                 ; 0                   ; 0                    ; 0                 ; 0              ; 0           ; 0              ; 0            ; 0                   ; 0            ; 0                 ; 0                    ; 0                      ; 0                ; 0            ; 0                ; 0                ; 0            ; 0                ; 0                ; 0            ; 0                ; 0                ; 0            ; 0                ; 1          ;
+------------------------+------------+-------------------+---------------------+----------------------+-------------------+----------------+-------------+----------------+--------------+---------------------+--------------+-------------------+----------------------+------------------------+------------------+--------------+------------------+------------------+--------------+------------------+------------------+--------------+------------------+------------------+--------------+------------------+------------+


+-----------------------------------------------------------------------------------+
; Registers Removed During Synthesis                                                ;
+----------------------------------------+------------------------------------------+
; Register name                          ; Reason for Removal                       ;
+----------------------------------------+------------------------------------------+
; datapath:SHA1_datapath|K[18]           ; Stuck at GND due to stuck port data_in   ;
; datapath:SHA1_datapath|K[6,31]         ; Merged with datapath:SHA1_datapath|K[2]  ;
; datapath:SHA1_datapath|K[8,30]         ; Merged with datapath:SHA1_datapath|K[14] ;
; datapath:SHA1_datapath|K[5,9]          ; Merged with datapath:SHA1_datapath|K[29] ;
; datapath:SHA1_datapath|K[7,27]         ; Merged with datapath:SHA1_datapath|K[25] ;
; datapath:SHA1_datapath|K[19,20,26]     ; Merged with datapath:SHA1_datapath|K[16] ;
; datapath:SHA1_datapath|K[24]           ; Merged with datapath:SHA1_datapath|K[10] ;
; datapath:SHA1_datapath|K[23]           ; Merged with datapath:SHA1_datapath|K[0]  ;
; datapath:SHA1_datapath|K[21]           ; Merged with datapath:SHA1_datapath|K[1]  ;
; datapath:SHA1_datapath|K[4]            ; Merged with datapath:SHA1_datapath|K[17] ;
; datapath:SHA1_datapath|K[13]           ; Merged with datapath:SHA1_datapath|K[11] ;
; datapath:SHA1_datapath|K[3]            ; Merged with datapath:SHA1_datapath|K[12] ;
; controller:SHA1_controller|state~2     ; Lost fanout                              ;
; controller:SHA1_controller|state~3     ; Lost fanout                              ;
; controller:SHA1_controller|state~4     ; Lost fanout                              ;
; controller:SHA1_controller|state~5     ; Lost fanout                              ;
; controller:SHA1_controller|state~6     ; Lost fanout                              ;
; Total Number of Removed Registers = 23 ;                                          ;
+----------------------------------------+------------------------------------------+


+------------------------------------------------------+
; General Register Statistics                          ;
+----------------------------------------------+-------+
; Statistic                                    ; Value ;
+----------------------------------------------+-------+
; Total registers                              ; 775   ;
; Number of registers using Synchronous Clear  ; 44    ;
; Number of registers using Synchronous Load   ; 39    ;
; Number of registers using Asynchronous Clear ; 0     ;
; Number of registers using Asynchronous Load  ; 0     ;
; Number of registers using Clock Enable       ; 746   ;
; Number of registers using Preset             ; 0     ;
+----------------------------------------------+-------+


+-----------------------------------------------------+
; Inverted Register Statistics                        ;
+-------------------------------------------+---------+
; Inverted Register                         ; Fan out ;
+-------------------------------------------+---------+
; datapath:SHA1_datapath|H4[0]              ; 2       ;
; datapath:SHA1_datapath|H4[3]              ; 2       ;
; datapath:SHA1_datapath|H4[5]              ; 2       ;
; datapath:SHA1_datapath|H4[7]              ; 2       ;
; datapath:SHA1_datapath|H4[8]              ; 2       ;
; datapath:SHA1_datapath|H4[9]              ; 2       ;
; datapath:SHA1_datapath|H4[13]             ; 2       ;
; datapath:SHA1_datapath|H4[16]             ; 2       ;
; datapath:SHA1_datapath|H4[17]             ; 2       ;
; datapath:SHA1_datapath|H4[18]             ; 2       ;
; datapath:SHA1_datapath|H4[19]             ; 2       ;
; datapath:SHA1_datapath|H4[21]             ; 2       ;
; datapath:SHA1_datapath|H4[22]             ; 2       ;
; datapath:SHA1_datapath|H4[23]             ; 2       ;
; datapath:SHA1_datapath|H4[24]             ; 2       ;
; datapath:SHA1_datapath|H4[26]             ; 2       ;
; datapath:SHA1_datapath|H4[27]             ; 2       ;
; datapath:SHA1_datapath|H4[30]             ; 2       ;
; datapath:SHA1_datapath|H4[31]             ; 2       ;
; datapath:SHA1_datapath|H3[1]              ; 2       ;
; datapath:SHA1_datapath|H3[5]              ; 2       ;
; datapath:SHA1_datapath|H3[6]              ; 2       ;
; datapath:SHA1_datapath|H3[7]              ; 2       ;
; datapath:SHA1_datapath|H3[8]              ; 2       ;
; datapath:SHA1_datapath|H3[11]             ; 2       ;
; datapath:SHA1_datapath|H3[13]             ; 2       ;
; datapath:SHA1_datapath|H3[14]             ; 2       ;
; datapath:SHA1_datapath|H3[15]             ; 2       ;
; datapath:SHA1_datapath|H3[16]             ; 2       ;
; datapath:SHA1_datapath|H3[17]             ; 2       ;
; datapath:SHA1_datapath|H3[20]             ; 2       ;
; datapath:SHA1_datapath|H3[23]             ; 2       ;
; datapath:SHA1_datapath|H3[25]             ; 2       ;
; datapath:SHA1_datapath|H3[28]             ; 2       ;
; datapath:SHA1_datapath|H3[31]             ; 2       ;
; datapath:SHA1_datapath|H2[2]              ; 2       ;
; datapath:SHA1_datapath|H2[3]              ; 2       ;
; datapath:SHA1_datapath|H2[4]              ; 2       ;
; datapath:SHA1_datapath|H2[6]              ; 2       ;
; datapath:SHA1_datapath|H2[7]              ; 2       ;
; datapath:SHA1_datapath|H2[8]              ; 2       ;
; datapath:SHA1_datapath|H2[12]             ; 2       ;
; datapath:SHA1_datapath|H2[13]             ; 2       ;
; datapath:SHA1_datapath|H2[14]             ; 2       ;
; datapath:SHA1_datapath|H2[15]             ; 2       ;
; datapath:SHA1_datapath|H2[17]             ; 2       ;
; datapath:SHA1_datapath|H2[18]             ; 2       ;
; datapath:SHA1_datapath|H2[19]             ; 2       ;
; datapath:SHA1_datapath|H2[20]             ; 2       ;
; datapath:SHA1_datapath|H2[24]             ; 2       ;
; datapath:SHA1_datapath|H1[2]              ; 2       ;
; datapath:SHA1_datapath|H1[3]              ; 2       ;
; datapath:SHA1_datapath|H1[7]              ; 2       ;
; datapath:SHA1_datapath|H1[9]              ; 2       ;
; datapath:SHA1_datapath|H1[13]             ; 2       ;
; datapath:SHA1_datapath|H1[14]             ; 2       ;
; datapath:SHA1_datapath|H1[15]             ; 2       ;
; datapath:SHA1_datapath|H1[16]             ; 2       ;
; datapath:SHA1_datapath|H1[17]             ; 2       ;
; datapath:SHA1_datapath|H1[24]             ; 2       ;
; datapath:SHA1_datapath|H1[25]             ; 2       ;
; datapath:SHA1_datapath|H1[27]             ; 2       ;
; datapath:SHA1_datapath|H1[28]             ; 2       ;
; datapath:SHA1_datapath|H1[29]             ; 2       ;
; datapath:SHA1_datapath|H1[31]             ; 2       ;
; datapath:SHA1_datapath|H0[0]              ; 2       ;
; datapath:SHA1_datapath|H0[9]              ; 2       ;
; datapath:SHA1_datapath|H0[11]             ; 2       ;
; datapath:SHA1_datapath|H0[13]             ; 2       ;
; datapath:SHA1_datapath|H0[17]             ; 2       ;
; datapath:SHA1_datapath|H0[18]             ; 2       ;
; datapath:SHA1_datapath|H0[19]             ; 2       ;
; datapath:SHA1_datapath|H0[20]             ; 2       ;
; datapath:SHA1_datapath|H0[22]             ; 2       ;
; datapath:SHA1_datapath|H0[23]             ; 2       ;
; datapath:SHA1_datapath|H0[24]             ; 2       ;
; datapath:SHA1_datapath|H0[25]             ; 2       ;
; datapath:SHA1_datapath|H0[26]             ; 2       ;
; datapath:SHA1_datapath|H0[29]             ; 2       ;
; datapath:SHA1_datapath|H0[30]             ; 2       ;
; datapath:SHA1_datapath|E[0]               ; 2       ;
; datapath:SHA1_datapath|E[3]               ; 2       ;
; datapath:SHA1_datapath|E[5]               ; 2       ;
; datapath:SHA1_datapath|E[7]               ; 2       ;
; datapath:SHA1_datapath|E[8]               ; 2       ;
; datapath:SHA1_datapath|E[9]               ; 2       ;
; datapath:SHA1_datapath|E[13]              ; 2       ;
; datapath:SHA1_datapath|E[16]              ; 2       ;
; datapath:SHA1_datapath|E[17]              ; 2       ;
; datapath:SHA1_datapath|E[18]              ; 2       ;
; datapath:SHA1_datapath|E[19]              ; 2       ;
; datapath:SHA1_datapath|E[21]              ; 2       ;
; datapath:SHA1_datapath|E[22]              ; 2       ;
; datapath:SHA1_datapath|E[23]              ; 2       ;
; datapath:SHA1_datapath|E[24]              ; 2       ;
; datapath:SHA1_datapath|E[26]              ; 2       ;
; datapath:SHA1_datapath|E[27]              ; 2       ;
; datapath:SHA1_datapath|E[30]              ; 2       ;
; datapath:SHA1_datapath|E[31]              ; 2       ;
; datapath:SHA1_datapath|D[1]               ; 5       ;
; Total number of inverted registers = 163* ;         ;
+-------------------------------------------+---------+
* Table truncated at 100 items. To change the number of inverted registers reported, set the "Number of Inverted Registers Reported" option under Assignments->Settings->Analysis and Synthesis Settings->More Settings


+--------------------------------------------------------+
; Registers Packed Into Inferred Megafunctions           ;
+--------------------------+----------------------+------+
; Register Name            ; Megafunction         ; Type ;
+--------------------------+----------------------+------+
; ram:sha_data|dout[0..31] ; ram:sha_data|M_rtl_0 ; RAM  ;
+--------------------------+----------------------+------+


+-------------------------------------------------------------------------------------------------------------------------------------------------------------------------+
; Multiplexer Restructuring Statistics (Restructuring Performed)                                                                                                          ;
+--------------------+-----------+---------------+----------------------+------------------------+------------+-----------------------------------------------------------+
; Multiplexer Inputs ; Bus Width ; Baseline Area ; Area if Restructured ; Saving if Restructured ; Registered ; Example Multiplexer Output                                ;
+--------------------+-----------+---------------+----------------------+------------------------+------------+-----------------------------------------------------------+
; 8:1                ; 14 bits   ; 70 LEs        ; 42 LEs               ; 28 LEs                 ; Yes        ; |system|datapath:SHA1_datapath|K[2]                       ;
; 6:1                ; 2 bits    ; 8 LEs         ; 4 LEs                ; 4 LEs                  ; Yes        ; |system|datapath:SHA1_datapath|raddr[1]                   ;
; 6:1                ; 4 bits    ; 16 LEs        ; 12 LEs               ; 4 LEs                  ; Yes        ; |system|datapath:SHA1_datapath|raddr[6]                   ;
; 5:1                ; 2 bits    ; 6 LEs         ; 2 LEs                ; 4 LEs                  ; No         ; |system|controller:SHA1_controller|next_state.UPDATE_HASH ;
+--------------------+-----------+---------------+----------------------+------------------------+------------+-----------------------------------------------------------+


+---------------------------------------------------------------------------------------+
; Source assignments for ram:sha_data|altsyncram:M_rtl_0|altsyncram_0sk1:auto_generated ;
+---------------------------------+--------------------+------+-------------------------+
; Assignment                      ; Value              ; From ; To                      ;
+---------------------------------+--------------------+------+-------------------------+
; OPTIMIZE_POWER_DURING_SYNTHESIS ; NORMAL_COMPILATION ; -    ; -                       ;
+---------------------------------+--------------------+------+-------------------------+


+---------------------------------------------------------------------+
; Parameter Settings for User Entity Instance: datapath:SHA1_datapath ;
+----------------+-------+--------------------------------------------+
; Parameter Name ; Value ; Type                                       ;
+----------------+-------+--------------------------------------------+
; CHOOSE         ; 001   ; Unsigned Binary                            ;
; PARITY_1       ; 010   ; Unsigned Binary                            ;
; PARITY_2       ; 011   ; Unsigned Binary                            ;
; MAJOR          ; 100   ; Unsigned Binary                            ;
+----------------+-------+--------------------------------------------+
Note: In order to hide this table in the UI and the text report file, please set the "Show Parameter Settings in Synthesis Report" option in "Analysis and Synthesis Settings -> More Settings" to "Off".


+-------------------------------------------------------------------------+
; Parameter Settings for User Entity Instance: controller:SHA1_controller ;
+------------------+-------+----------------------------------------------+
; Parameter Name   ; Value ; Type                                         ;
+------------------+-------+----------------------------------------------+
; INIT             ; 00000 ; Unsigned Binary                              ;
; READ_REG_1       ; 00001 ; Unsigned Binary                              ;
; WAIT_1           ; 00010 ; Unsigned Binary                              ;
; FILL_REG_1       ; 00011 ; Unsigned Binary                              ;
; READ_REG_2       ; 00100 ; Unsigned Binary                              ;
; WAIT_2           ; 00101 ; Unsigned Binary                              ;
; FILL_REG_2       ; 00110 ; Unsigned Binary                              ;
; READ_REG_3       ; 00111 ; Unsigned Binary                              ;
; WAIT_3           ; 01000 ; Unsigned Binary                              ;
; FILL_REG_3       ; 01001 ; Unsigned Binary                              ;
; READ_REG_4       ; 01010 ; Unsigned Binary                              ;
; WAIT_4           ; 01011 ; Unsigned Binary                              ;
; FILL_REG_4       ; 01100 ; Unsigned Binary                              ;
; FILL_CHUNKS_MAIN ; 01101 ; Unsigned Binary                              ;
; CHUNK_ITERATOR   ; 01110 ; Unsigned Binary                              ;
; READ_L_ADDR      ; 01111 ; Unsigned Binary                              ;
; WAIT_L           ; 10000 ; Unsigned Binary                              ;
; FUNC_SELECTOR    ; 10001 ; Unsigned Binary                              ;
; CHOOSE           ; 10010 ; Unsigned Binary                              ;
; PARITY_1         ; 10011 ; Unsigned Binary                              ;
; MAJOR            ; 10100 ; Unsigned Binary                              ;
; PARITY_2         ; 10101 ; Unsigned Binary                              ;
; UPDATE_TEMP      ; 10110 ; Unsigned Binary                              ;
; REASSIGN_FIRST   ; 10111 ; Unsigned Binary                              ;
; FUNC_ITERATOR    ; 11000 ; Unsigned Binary                              ;
; UPDATE_HASH      ; 11001 ; Unsigned Binary                              ;
; DONE             ; 11010 ; Unsigned Binary                              ;
+------------------+-------+----------------------------------------------+
Note: In order to hide this table in the UI and the text report file, please set the "Show Parameter Settings in Synthesis Report" option in "Analysis and Synthesis Settings -> More Settings" to "Off".


+----------------------------------------------------------------------------------------+
; Parameter Settings for Inferred Entity Instance: ram:sha_data|altsyncram:M_rtl_0       ;
+------------------------------------+----------------------------------+----------------+
; Parameter Name                     ; Value                            ; Type           ;
+------------------------------------+----------------------------------+----------------+
; BYTE_SIZE_BLOCK                    ; 8                                ; Untyped        ;
; AUTO_CARRY_CHAINS                  ; ON                               ; AUTO_CARRY     ;
; IGNORE_CARRY_BUFFERS               ; OFF                              ; IGNORE_CARRY   ;
; AUTO_CASCADE_CHAINS                ; ON                               ; AUTO_CASCADE   ;
; IGNORE_CASCADE_BUFFERS             ; OFF                              ; IGNORE_CASCADE ;
; WIDTH_BYTEENA                      ; 1                                ; Untyped        ;
; OPERATION_MODE                     ; DUAL_PORT                        ; Untyped        ;
; WIDTH_A                            ; 32                               ; Untyped        ;
; WIDTHAD_A                          ; 7                                ; Untyped        ;
; NUMWORDS_A                         ; 80                               ; Untyped        ;
; OUTDATA_REG_A                      ; UNREGISTERED                     ; Untyped        ;
; ADDRESS_ACLR_A                     ; NONE                             ; Untyped        ;
; OUTDATA_ACLR_A                     ; NONE                             ; Untyped        ;
; WRCONTROL_ACLR_A                   ; NONE                             ; Untyped        ;
; INDATA_ACLR_A                      ; NONE                             ; Untyped        ;
; BYTEENA_ACLR_A                     ; NONE                             ; Untyped        ;
; WIDTH_B                            ; 32                               ; Untyped        ;
; WIDTHAD_B                          ; 7                                ; Untyped        ;
; NUMWORDS_B                         ; 80                               ; Untyped        ;
; INDATA_REG_B                       ; CLOCK1                           ; Untyped        ;
; WRCONTROL_WRADDRESS_REG_B          ; CLOCK1                           ; Untyped        ;
; RDCONTROL_REG_B                    ; CLOCK1                           ; Untyped        ;
; ADDRESS_REG_B                      ; CLOCK0                           ; Untyped        ;
; OUTDATA_REG_B                      ; UNREGISTERED                     ; Untyped        ;
; BYTEENA_REG_B                      ; CLOCK1                           ; Untyped        ;
; INDATA_ACLR_B                      ; NONE                             ; Untyped        ;
; WRCONTROL_ACLR_B                   ; NONE                             ; Untyped        ;
; ADDRESS_ACLR_B                     ; NONE                             ; Untyped        ;
; OUTDATA_ACLR_B                     ; NONE                             ; Untyped        ;
; RDCONTROL_ACLR_B                   ; NONE                             ; Untyped        ;
; BYTEENA_ACLR_B                     ; NONE                             ; Untyped        ;
; WIDTH_BYTEENA_A                    ; 1                                ; Untyped        ;
; WIDTH_BYTEENA_B                    ; 1                                ; Untyped        ;
; RAM_BLOCK_TYPE                     ; AUTO                             ; Untyped        ;
; BYTE_SIZE                          ; 8                                ; Untyped        ;
; READ_DURING_WRITE_MODE_MIXED_PORTS ; OLD_DATA                         ; Untyped        ;
; READ_DURING_WRITE_MODE_PORT_A      ; NEW_DATA_NO_NBE_READ             ; Untyped        ;
; READ_DURING_WRITE_MODE_PORT_B      ; NEW_DATA_NO_NBE_READ             ; Untyped        ;
; INIT_FILE                          ; db/system.ram0_ram_1d0cf.hdl.mif ; Untyped        ;
; INIT_FILE_LAYOUT                   ; PORT_A                           ; Untyped        ;
; MAXIMUM_DEPTH                      ; 0                                ; Untyped        ;
; CLOCK_ENABLE_INPUT_A               ; NORMAL                           ; Untyped        ;
; CLOCK_ENABLE_INPUT_B               ; NORMAL                           ; Untyped        ;
; CLOCK_ENABLE_OUTPUT_A              ; NORMAL                           ; Untyped        ;
; CLOCK_ENABLE_OUTPUT_B              ; NORMAL                           ; Untyped        ;
; CLOCK_ENABLE_CORE_A                ; USE_INPUT_CLKEN                  ; Untyped        ;
; CLOCK_ENABLE_CORE_B                ; USE_INPUT_CLKEN                  ; Untyped        ;
; ENABLE_ECC                         ; FALSE                            ; Untyped        ;
; ECC_PIPELINE_STAGE_ENABLED         ; FALSE                            ; Untyped        ;
; WIDTH_ECCSTATUS                    ; 3                                ; Untyped        ;
; DEVICE_FAMILY                      ; Cyclone IV E                     ; Untyped        ;
; CBXI_PARAMETER                     ; altsyncram_0sk1                  ; Untyped        ;
+------------------------------------+----------------------------------+----------------+
Note: In order to hide this table in the UI and the text report file, please set the "Show Parameter Settings in Synthesis Report" option in "Analysis and Synthesis Settings -> More Settings" to "Off".


+-----------------------------------------------------------------------------+
; altsyncram Parameter Settings by Entity Instance                            ;
+-------------------------------------------+---------------------------------+
; Name                                      ; Value                           ;
+-------------------------------------------+---------------------------------+
; Number of entity instances                ; 1                               ;
; Entity Instance                           ; ram:sha_data|altsyncram:M_rtl_0 ;
;     -- OPERATION_MODE                     ; DUAL_PORT                       ;
;     -- WIDTH_A                            ; 32                              ;
;     -- NUMWORDS_A                         ; 80                              ;
;     -- OUTDATA_REG_A                      ; UNREGISTERED                    ;
;     -- WIDTH_B                            ; 32                              ;
;     -- NUMWORDS_B                         ; 80                              ;
;     -- ADDRESS_REG_B                      ; CLOCK0                          ;
;     -- OUTDATA_REG_B                      ; UNREGISTERED                    ;
;     -- RAM_BLOCK_TYPE                     ; AUTO                            ;
;     -- READ_DURING_WRITE_MODE_MIXED_PORTS ; OLD_DATA                        ;
+-------------------------------------------+---------------------------------+


+--------------------------------------------------------+
; Port Connectivity Checks: "controller:SHA1_controller" ;
+----------+-------+----------+--------------------------+
; Port     ; Type  ; Severity ; Details                  ;
+----------+-------+----------+--------------------------+
; reset    ; Input ; Info     ; Stuck at GND             ;
; start_en ; Input ; Info     ; Stuck at VCC             ;
+----------+-------+----------+--------------------------+


+-----------------------------------------------------+
; Post-Synthesis Netlist Statistics for Top Partition ;
+-----------------------+-----------------------------+
; Type                  ; Count                       ;
+-----------------------+-----------------------------+
; boundary_port         ; 162                         ;
; cycloneiii_ff         ; 775                         ;
;     ENA               ; 665                         ;
;     ENA SCLR          ; 44                          ;
;     ENA SLD           ; 37                          ;
;     SLD               ; 2                           ;
;     plain             ; 27                          ;
; cycloneiii_lcell_comb ; 1023                        ;
;     arith             ; 302                         ;
;         2 data inputs ; 24                          ;
;         3 data inputs ; 278                         ;
;     normal            ; 721                         ;
;         1 data inputs ; 8                           ;
;         2 data inputs ; 507                         ;
;         3 data inputs ; 118                         ;
;         4 data inputs ; 88                          ;
; cycloneiii_ram_block  ; 32                          ;
;                       ;                             ;
; Max LUT depth         ; 6.10                        ;
; Average LUT depth     ; 2.86                        ;
+-----------------------+-----------------------------+


+-------------------------------+
; Elapsed Time Per Partition    ;
+----------------+--------------+
; Partition Name ; Elapsed Time ;
+----------------+--------------+
; Top            ; 00:00:05     ;
+----------------+--------------+


+-------------------------------+
; Analysis & Synthesis Messages ;
+-------------------------------+
Info: *******************************************************************
Info: Running Quartus Prime Analysis & Synthesis
    Info: Version 18.0.0 Build 614 04/24/2018 SJ Lite Edition
    Info: Processing started: Fri Nov 13 01:18:18 2020
Info: Command: quartus_map --read_settings_files=on --write_settings_files=off SHA -c system
Warning (18236): Number of processors has not been specified which may cause overloading on shared machines.  Set the global assignment NUM_PARALLEL_PROCESSORS in your QSF to an appropriate value for best performance.
Info (20030): Parallel compilation is enabled and will use 2 of the 2 processors detected
Info (12021): Found 1 design units, including 1 entities, in source file verilog/controller.v
    Info (12023): Found entity 1: controller File: G:/My Drive/SHA-1 Final Project/clean_up/verilog/controller.v Line: 1
Info (12021): Found 1 design units, including 1 entities, in source file verilog/datapath.v
    Info (12023): Found entity 1: datapath File: G:/My Drive/SHA-1 Final Project/clean_up/verilog/datapath.v Line: 1
Info (12021): Found 1 design units, including 1 entities, in source file verilog/ram.v
    Info (12023): Found entity 1: ram File: G:/My Drive/SHA-1 Final Project/clean_up/verilog/ram.v Line: 1
Info (12021): Found 1 design units, including 1 entities, in source file verilog/system.v
    Info (12023): Found entity 1: system File: G:/My Drive/SHA-1 Final Project/clean_up/verilog/system.v Line: 1
Info (12021): Found 1 design units, including 1 entities, in source file verilog/system_tb.v
    Info (12023): Found entity 1: system_tb File: G:/My Drive/SHA-1 Final Project/clean_up/verilog/system_tb.v Line: 3
Info (12021): Found 1 design units, including 1 entities, in source file verilog/ram_tb.v
    Info (12023): Found entity 1: ram_tb File: G:/My Drive/SHA-1 Final Project/clean_up/verilog/ram_tb.v Line: 2
Info (12021): Found 1 design units, including 1 entities, in source file verilog/controller_tb.v
    Info (12023): Found entity 1: controller_tb File: G:/My Drive/SHA-1 Final Project/clean_up/verilog/controller_tb.v Line: 3
Info (12127): Elaborating entity "system" for the top level hierarchy
Info (12128): Elaborating entity "datapath" for hierarchy "datapath:SHA1_datapath" File: G:/My Drive/SHA-1 Final Project/clean_up/verilog/system.v Line: 91
Warning (10230): Verilog HDL assignment warning at datapath.v(54): truncated value with size 32 to match size of target (7) File: G:/My Drive/SHA-1 Final Project/clean_up/verilog/datapath.v Line: 54
Warning (10230): Verilog HDL assignment warning at datapath.v(55): truncated value with size 32 to match size of target (7) File: G:/My Drive/SHA-1 Final Project/clean_up/verilog/datapath.v Line: 55
Warning (10230): Verilog HDL assignment warning at datapath.v(90): truncated value with size 32 to match size of target (7) File: G:/My Drive/SHA-1 Final Project/clean_up/verilog/datapath.v Line: 90
Warning (10230): Verilog HDL assignment warning at datapath.v(97): truncated value with size 32 to match size of target (7) File: G:/My Drive/SHA-1 Final Project/clean_up/verilog/datapath.v Line: 97
Warning (10230): Verilog HDL assignment warning at datapath.v(114): truncated value with size 32 to match size of target (7) File: G:/My Drive/SHA-1 Final Project/clean_up/verilog/datapath.v Line: 114
Warning (10230): Verilog HDL assignment warning at datapath.v(117): truncated value with size 32 to match size of target (7) File: G:/My Drive/SHA-1 Final Project/clean_up/verilog/datapath.v Line: 117
Warning (10230): Verilog HDL assignment warning at datapath.v(120): truncated value with size 32 to match size of target (7) File: G:/My Drive/SHA-1 Final Project/clean_up/verilog/datapath.v Line: 120
Warning (10230): Verilog HDL assignment warning at datapath.v(123): truncated value with size 32 to match size of target (7) File: G:/My Drive/SHA-1 Final Project/clean_up/verilog/datapath.v Line: 123
Warning (10230): Verilog HDL assignment warning at datapath.v(186): truncated value with size 64 to match size of target (32) File: G:/My Drive/SHA-1 Final Project/clean_up/verilog/datapath.v Line: 186
Info (12128): Elaborating entity "controller" for hierarchy "controller:SHA1_controller" File: G:/My Drive/SHA-1 Final Project/clean_up/verilog/system.v Line: 126
Info (12128): Elaborating entity "ram" for hierarchy "ram:sha_data" File: G:/My Drive/SHA-1 Final Project/clean_up/verilog/system.v Line: 136
Info (19000): Inferred 1 megafunctions from design logic
    Info (276029): Inferred altsyncram megafunction from the following design logic: "ram:sha_data|M_rtl_0" 
        Info (286033): Parameter OPERATION_MODE set to DUAL_PORT
        Info (286033): Parameter WIDTH_A set to 32
        Info (286033): Parameter WIDTHAD_A set to 7
        Info (286033): Parameter NUMWORDS_A set to 80
        Info (286033): Parameter WIDTH_B set to 32
        Info (286033): Parameter WIDTHAD_B set to 7
        Info (286033): Parameter NUMWORDS_B set to 80
        Info (286033): Parameter ADDRESS_ACLR_A set to NONE
        Info (286033): Parameter OUTDATA_REG_B set to UNREGISTERED
        Info (286033): Parameter ADDRESS_ACLR_B set to NONE
        Info (286033): Parameter OUTDATA_ACLR_B set to NONE
        Info (286033): Parameter ADDRESS_REG_B set to CLOCK0
        Info (286033): Parameter INDATA_ACLR_A set to NONE
        Info (286033): Parameter WRCONTROL_ACLR_A set to NONE
        Info (286033): Parameter INIT_FILE set to db/system.ram0_ram_1d0cf.hdl.mif
        Info (286033): Parameter READ_DURING_WRITE_MODE_MIXED_PORTS set to OLD_DATA
Info (12130): Elaborated megafunction instantiation "ram:sha_data|altsyncram:M_rtl_0"
Info (12133): Instantiated megafunction "ram:sha_data|altsyncram:M_rtl_0" with the following parameter:
    Info (12134): Parameter "OPERATION_MODE" = "DUAL_PORT"
    Info (12134): Parameter "WIDTH_A" = "32"
    Info (12134): Parameter "WIDTHAD_A" = "7"
    Info (12134): Parameter "NUMWORDS_A" = "80"
    Info (12134): Parameter "WIDTH_B" = "32"
    Info (12134): Parameter "WIDTHAD_B" = "7"
    Info (12134): Parameter "NUMWORDS_B" = "80"
    Info (12134): Parameter "ADDRESS_ACLR_A" = "NONE"
    Info (12134): Parameter "OUTDATA_REG_B" = "UNREGISTERED"
    Info (12134): Parameter "ADDRESS_ACLR_B" = "NONE"
    Info (12134): Parameter "OUTDATA_ACLR_B" = "NONE"
    Info (12134): Parameter "ADDRESS_REG_B" = "CLOCK0"
    Info (12134): Parameter "INDATA_ACLR_A" = "NONE"
    Info (12134): Parameter "WRCONTROL_ACLR_A" = "NONE"
    Info (12134): Parameter "INIT_FILE" = "db/system.ram0_ram_1d0cf.hdl.mif"
    Info (12134): Parameter "READ_DURING_WRITE_MODE_MIXED_PORTS" = "OLD_DATA"
Info (12021): Found 1 design units, including 1 entities, in source file db/altsyncram_0sk1.tdf
    Info (12023): Found entity 1: altsyncram_0sk1 File: G:/My Drive/SHA-1 Final Project/clean_up/db/altsyncram_0sk1.tdf Line: 27
Info (286030): Timing-Driven Synthesis is running
Info (17049): 5 registers lost all their fanouts during netlist optimizations.
Info (16010): Generating hard_block partition "hard_block:auto_generated_inst"
    Info (16011): Adding 0 node(s), including 0 DDIO, 0 PLL, 0 transceiver and 0 LCELL
Info (21057): Implemented 1379 device resources after synthesis - the final resource count might be different
    Info (21058): Implemented 1 input pins
    Info (21059): Implemented 161 output pins
    Info (21061): Implemented 1185 logic cells
    Info (21064): Implemented 32 RAM segments
Info: Quartus Prime Analysis & Synthesis was successful. 0 errors, 10 warnings
    Info: Peak virtual memory: 4777 megabytes
    Info: Processing ended: Fri Nov 13 01:18:49 2020
    Info: Elapsed time: 00:00:31
    Info: Total CPU time (on all processors): 00:00:44


